Determining if the pthread_create exist failed with the following output:
Change Dir: /mnt/c/Users/Laurent/Documents/ift2245/IFT2245_TP2/cmake-build-debug/CMakeFiles/CMakeTmp

Run Build Command:"/usr/bin/make" "cmTC_b6b72/fast"
/usr/bin/make -f CMakeFiles/cmTC_b6b72.dir/build.make CMakeFiles/cmTC_b6b72.dir/build
make[1]: Entering directory '/mnt/c/Users/Laurent/Documents/ift2245/IFT2245_TP2/cmake-build-debug/CMakeFiles/CMakeTmp'
Building C object CMakeFiles/cmTC_b6b72.dir/CheckSymbolExists.c.o
/usr/bin/cc   -std=gnu99 -o CMakeFiles/cmTC_b6b72.dir/CheckSymbolExists.c.o   -c /mnt/c/Users/Laurent/Documents/ift2245/IFT2245_TP2/cmake-build-debug/CMakeFiles/CMakeTmp/CheckSymbolExists.c
Linking C executable cmTC_b6b72
/usr/bin/cmake -E cmake_link_script CMakeFiles/cmTC_b6b72.dir/link.txt --verbose=1
/usr/bin/cc      CMakeFiles/cmTC_b6b72.dir/CheckSymbolExists.c.o  -o cmTC_b6b72 
CMakeFiles/cmTC_b6b72.dir/CheckSymbolExists.c.o: In function `main':
CheckSymbolExists.c:(.text+0x1b): undefined reference to `pthread_create'
collect2: error: ld returned 1 exit status
CMakeFiles/cmTC_b6b72.dir/build.make:97: recipe for target 'cmTC_b6b72' failed
make[1]: *** [cmTC_b6b72] Error 1
make[1]: Leaving directory '/mnt/c/Users/Laurent/Documents/ift2245/IFT2245_TP2/cmake-build-debug/CMakeFiles/CMakeTmp'
Makefile:126: recipe for target 'cmTC_b6b72/fast' failed
make: *** [cmTC_b6b72/fast] Error 2

File /mnt/c/Users/Laurent/Documents/ift2245/IFT2245_TP2/cmake-build-debug/CMakeFiles/CMakeTmp/CheckSymbolExists.c:
/* */
#include <pthread.h>

int main(int argc, char** argv)
{
  (void)argv;
#ifndef pthread_create
  return ((int*)(&pthread_create))[argc];
#else
  (void)argc;
  return 0;
#endif
}

Determining if the function pthread_create exists in the pthreads failed with the following output:
Change Dir: /mnt/c/Users/Laurent/Documents/ift2245/IFT2245_TP2/cmake-build-debug/CMakeFiles/CMakeTmp

Run Build Command:"/usr/bin/make" "cmTC_e42d5/fast"
/usr/bin/make -f CMakeFiles/cmTC_e42d5.dir/build.make CMakeFiles/cmTC_e42d5.dir/build
make[1]: Entering directory '/mnt/c/Users/Laurent/Documents/ift2245/IFT2245_TP2/cmake-build-debug/CMakeFiles/CMakeTmp'
Building C object CMakeFiles/cmTC_e42d5.dir/CheckFunctionExists.c.o
/usr/bin/cc   -DCHECK_FUNCTION_EXISTS=pthread_create   -std=gnu99 -o CMakeFiles/cmTC_e42d5.dir/CheckFunctionExists.c.o   -c /usr/share/cmake-3.10/Modules/CheckFunctionExists.c
Linking C executable cmTC_e42d5
/usr/bin/cmake -E cmake_link_script CMakeFiles/cmTC_e42d5.dir/link.txt --verbose=1
/usr/bin/cc  -DCHECK_FUNCTION_EXISTS=pthread_create    CMakeFiles/cmTC_e42d5.dir/CheckFunctionExists.c.o  -o cmTC_e42d5 -lpthreads 
/usr/bin/ld: cannot find -lpthreads
collect2: error: ld returned 1 exit status
CMakeFiles/cmTC_e42d5.dir/build.make:97: recipe for target 'cmTC_e42d5' failed
make[1]: *** [cmTC_e42d5] Error 1
make[1]: Leaving directory '/mnt/c/Users/Laurent/Documents/ift2245/IFT2245_TP2/cmake-build-debug/CMakeFiles/CMakeTmp'
Makefile:126: recipe for target 'cmTC_e42d5/fast' failed
make: *** [cmTC_e42d5/fast] Error 2


